c:\users\antc3\desktop\githubfiles\quake2-full-master\debug\vc142.pdb
c:\users\antc3\desktop\githubfiles\quake2-full-master\debug\vc142.idb
c:\users\antc3\desktop\githubfiles\quake2-full-master\debug\cd_win.sbr
c:\users\antc3\desktop\githubfiles\quake2-full-master\debug\cl_cin.sbr
c:\users\antc3\desktop\githubfiles\quake2-full-master\debug\cl_ents.sbr
c:\users\antc3\desktop\githubfiles\quake2-full-master\debug\cl_fx.sbr
c:\users\antc3\desktop\githubfiles\quake2-full-master\debug\cl_input.sbr
c:\users\antc3\desktop\githubfiles\quake2-full-master\debug\cl_inv.sbr
c:\users\antc3\desktop\githubfiles\quake2-full-master\debug\cl_main.sbr
c:\users\antc3\desktop\githubfiles\quake2-full-master\debug\cl_newfx.sbr
c:\users\antc3\desktop\githubfiles\quake2-full-master\debug\cl_parse.sbr
c:\users\antc3\desktop\githubfiles\quake2-full-master\debug\cl_pred.sbr
c:\users\antc3\desktop\githubfiles\quake2-full-master\debug\cl_scrn.sbr
c:\users\antc3\desktop\githubfiles\quake2-full-master\debug\cl_tent.sbr
c:\users\antc3\desktop\githubfiles\quake2-full-master\debug\cl_view.sbr
c:\users\antc3\desktop\githubfiles\quake2-full-master\debug\cmd.sbr
c:\users\antc3\desktop\githubfiles\quake2-full-master\debug\cmodel.sbr
c:\users\antc3\desktop\githubfiles\quake2-full-master\debug\common.sbr
c:\users\antc3\desktop\githubfiles\quake2-full-master\debug\conproc.sbr
c:\users\antc3\desktop\githubfiles\quake2-full-master\debug\console.sbr
c:\users\antc3\desktop\githubfiles\quake2-full-master\debug\crc.sbr
c:\users\antc3\desktop\githubfiles\quake2-full-master\debug\cvar.sbr
c:\users\antc3\desktop\githubfiles\quake2-full-master\debug\cvar.obj
c:\users\antc3\desktop\githubfiles\quake2-full-master\debug\crc.obj
c:\users\antc3\desktop\githubfiles\quake2-full-master\debug\console.obj
c:\users\antc3\desktop\githubfiles\quake2-full-master\debug\conproc.obj
c:\users\antc3\desktop\githubfiles\quake2-full-master\debug\common.obj
c:\users\antc3\desktop\githubfiles\quake2-full-master\debug\cmodel.obj
c:\users\antc3\desktop\githubfiles\quake2-full-master\debug\cmd.obj
c:\users\antc3\desktop\githubfiles\quake2-full-master\debug\cl_view.obj
c:\users\antc3\desktop\githubfiles\quake2-full-master\debug\cl_tent.obj
c:\users\antc3\desktop\githubfiles\quake2-full-master\debug\cl_scrn.obj
c:\users\antc3\desktop\githubfiles\quake2-full-master\debug\cl_pred.obj
c:\users\antc3\desktop\githubfiles\quake2-full-master\debug\cl_parse.obj
c:\users\antc3\desktop\githubfiles\quake2-full-master\debug\cl_newfx.obj
c:\users\antc3\desktop\githubfiles\quake2-full-master\debug\cl_main.obj
c:\users\antc3\desktop\githubfiles\quake2-full-master\debug\cl_inv.obj
c:\users\antc3\desktop\githubfiles\quake2-full-master\debug\cl_input.obj
c:\users\antc3\desktop\githubfiles\quake2-full-master\debug\cl_fx.obj
c:\users\antc3\desktop\githubfiles\quake2-full-master\debug\cl_ents.obj
c:\users\antc3\desktop\githubfiles\quake2-full-master\debug\cl_cin.obj
c:\users\antc3\desktop\githubfiles\quake2-full-master\debug\cd_win.obj
c:\users\antc3\desktop\githubfiles\quake2-full-master\debug\files.sbr
c:\users\antc3\desktop\githubfiles\quake2-full-master\debug\in_win.sbr
c:\users\antc3\desktop\githubfiles\quake2-full-master\debug\keys.sbr
c:\users\antc3\desktop\githubfiles\quake2-full-master\debug\m_flash.sbr
c:\users\antc3\desktop\githubfiles\quake2-full-master\debug\md4.sbr
c:\users\antc3\desktop\githubfiles\quake2-full-master\debug\menu.sbr
c:\users\antc3\desktop\githubfiles\quake2-full-master\debug\net_chan.sbr
c:\users\antc3\desktop\githubfiles\quake2-full-master\debug\net_wins.sbr
c:\users\antc3\desktop\githubfiles\quake2-full-master\debug\pmove.sbr
c:\users\antc3\desktop\githubfiles\quake2-full-master\debug\q_shared.sbr
c:\users\antc3\desktop\githubfiles\quake2-full-master\debug\q_shwin.sbr
c:\users\antc3\desktop\githubfiles\quake2-full-master\debug\qmenu.sbr
c:\users\antc3\desktop\githubfiles\quake2-full-master\debug\snd_dma.sbr
c:\users\antc3\desktop\githubfiles\quake2-full-master\debug\snd_mem.sbr
c:\users\antc3\desktop\githubfiles\quake2-full-master\debug\snd_mix.sbr
c:\users\antc3\desktop\githubfiles\quake2-full-master\debug\snd_win.sbr
c:\users\antc3\desktop\githubfiles\quake2-full-master\debug\sv_ccmds.sbr
c:\users\antc3\desktop\githubfiles\quake2-full-master\debug\sv_ents.sbr
c:\users\antc3\desktop\githubfiles\quake2-full-master\debug\sv_game.sbr
c:\users\antc3\desktop\githubfiles\quake2-full-master\debug\sv_init.sbr
c:\users\antc3\desktop\githubfiles\quake2-full-master\debug\sv_init.obj
c:\users\antc3\desktop\githubfiles\quake2-full-master\debug\sv_game.obj
c:\users\antc3\desktop\githubfiles\quake2-full-master\debug\sv_ents.obj
c:\users\antc3\desktop\githubfiles\quake2-full-master\debug\sv_ccmds.obj
c:\users\antc3\desktop\githubfiles\quake2-full-master\debug\snd_win.obj
c:\users\antc3\desktop\githubfiles\quake2-full-master\debug\snd_mix.obj
c:\users\antc3\desktop\githubfiles\quake2-full-master\debug\snd_mem.obj
c:\users\antc3\desktop\githubfiles\quake2-full-master\debug\snd_dma.obj
c:\users\antc3\desktop\githubfiles\quake2-full-master\debug\qmenu.obj
c:\users\antc3\desktop\githubfiles\quake2-full-master\debug\q_shwin.obj
c:\users\antc3\desktop\githubfiles\quake2-full-master\debug\q_shared.obj
c:\users\antc3\desktop\githubfiles\quake2-full-master\debug\pmove.obj
c:\users\antc3\desktop\githubfiles\quake2-full-master\debug\net_wins.obj
c:\users\antc3\desktop\githubfiles\quake2-full-master\debug\net_chan.obj
c:\users\antc3\desktop\githubfiles\quake2-full-master\debug\menu.obj
c:\users\antc3\desktop\githubfiles\quake2-full-master\debug\md4.obj
c:\users\antc3\desktop\githubfiles\quake2-full-master\debug\m_flash.obj
c:\users\antc3\desktop\githubfiles\quake2-full-master\debug\keys.obj
c:\users\antc3\desktop\githubfiles\quake2-full-master\debug\in_win.obj
c:\users\antc3\desktop\githubfiles\quake2-full-master\debug\files.obj
c:\users\antc3\desktop\githubfiles\quake2-full-master\debug\sv_main.sbr
c:\users\antc3\desktop\githubfiles\quake2-full-master\debug\sv_send.sbr
c:\users\antc3\desktop\githubfiles\quake2-full-master\debug\sv_user.sbr
c:\users\antc3\desktop\githubfiles\quake2-full-master\debug\sv_world.sbr
c:\users\antc3\desktop\githubfiles\quake2-full-master\debug\sys_win.sbr
c:\users\antc3\desktop\githubfiles\quake2-full-master\debug\vid_dll.sbr
c:\users\antc3\desktop\githubfiles\quake2-full-master\debug\vid_menu.sbr
c:\users\antc3\desktop\githubfiles\quake2-full-master\debug\x86.sbr
c:\users\antc3\desktop\githubfiles\quake2-full-master\debug\x86.obj
c:\users\antc3\desktop\githubfiles\quake2-full-master\debug\vid_menu.obj
c:\users\antc3\desktop\githubfiles\quake2-full-master\debug\vid_dll.obj
c:\users\antc3\desktop\githubfiles\quake2-full-master\debug\sys_win.obj
c:\users\antc3\desktop\githubfiles\quake2-full-master\debug\sv_world.obj
c:\users\antc3\desktop\githubfiles\quake2-full-master\debug\sv_user.obj
c:\users\antc3\desktop\githubfiles\quake2-full-master\debug\sv_send.obj
c:\users\antc3\desktop\githubfiles\quake2-full-master\debug\sv_main.obj
c:\users\antc3\desktop\githubfiles\quake2-full-master\debug\r_aclipa.obj
c:\users\antc3\desktop\githubfiles\quake2-full-master\debug\r_draw16.obj
c:\users\antc3\desktop\githubfiles\quake2-full-master\debug\r_drawa.obj
c:\users\antc3\desktop\githubfiles\quake2-full-master\debug\r_edgea.obj
c:\users\antc3\desktop\githubfiles\quake2-full-master\debug\r_polysa.obj
c:\users\antc3\desktop\githubfiles\quake2-full-master\debug\r_scana.obj
c:\users\antc3\desktop\githubfiles\quake2-full-master\debug\r_spr8.obj
c:\users\antc3\desktop\githubfiles\quake2-full-master\debug\r_surf8.obj
c:\users\antc3\desktop\githubfiles\quake2-full-master\debug\r_varsa.obj
c:\users\antc3\desktop\githubfiles\quake2-full-master\debug\ref_gl.exp
c:\users\antc3\desktop\githubfiles\quake2-full-master\debug\ref_gl.pdb
c:\users\antc3\desktop\githubfiles\quake2-full-master\debug\ref_gl.bsc
c:\users\antc3\desktop\githubfiles\quake2-full-master\debug\quake2.tlog\cl.command.1.tlog
c:\users\antc3\desktop\githubfiles\quake2-full-master\debug\quake2.tlog\cl.read.1.tlog
c:\users\antc3\desktop\githubfiles\quake2-full-master\debug\quake2.tlog\cl.write.1.tlog
c:\users\antc3\desktop\githubfiles\quake2-full-master\debug\quake2.tlog\rc.command.1.tlog
c:\users\antc3\desktop\githubfiles\quake2-full-master\debug\quake2.tlog\rc.read.1.tlog
c:\users\antc3\desktop\githubfiles\quake2-full-master\debug\quake2.tlog\rc.write.1.tlog
