c:\users\antc3\desktop\githubfiles\quake2-full-master\ctf\debug\ctf.bsc
c:\users\antc3\desktop\githubfiles\quake2-full-master\ctf\debug\vc142.pdb
c:\users\antc3\desktop\githubfiles\quake2-full-master\ctf\debug\vc142.idb
c:\users\antc3\desktop\githubfiles\quake2-full-master\ctf\debug\q_shared.sbr
c:\users\antc3\desktop\githubfiles\quake2-full-master\ctf\debug\p_weapon.sbr
c:\users\antc3\desktop\githubfiles\quake2-full-master\ctf\debug\p_view.sbr
c:\users\antc3\desktop\githubfiles\quake2-full-master\ctf\debug\p_trail.sbr
c:\users\antc3\desktop\githubfiles\quake2-full-master\ctf\debug\p_menu.sbr
c:\users\antc3\desktop\githubfiles\quake2-full-master\ctf\debug\p_hud.sbr
c:\users\antc3\desktop\githubfiles\quake2-full-master\ctf\debug\p_client.sbr
c:\users\antc3\desktop\githubfiles\quake2-full-master\ctf\debug\m_move.sbr
c:\users\antc3\desktop\githubfiles\quake2-full-master\ctf\debug\g_weapon.sbr
c:\users\antc3\desktop\githubfiles\quake2-full-master\ctf\debug\g_utils.sbr
c:\users\antc3\desktop\githubfiles\quake2-full-master\ctf\debug\g_trigger.sbr
c:\users\antc3\desktop\githubfiles\quake2-full-master\ctf\debug\g_target.sbr
c:\users\antc3\desktop\githubfiles\quake2-full-master\ctf\debug\g_svcmds.sbr
c:\users\antc3\desktop\githubfiles\quake2-full-master\ctf\debug\g_spawn.sbr
c:\users\antc3\desktop\githubfiles\quake2-full-master\ctf\debug\g_save.sbr
c:\users\antc3\desktop\githubfiles\quake2-full-master\ctf\debug\g_phys.sbr
c:\users\antc3\desktop\githubfiles\quake2-full-master\ctf\debug\g_monster.sbr
c:\users\antc3\desktop\githubfiles\quake2-full-master\ctf\debug\g_misc.sbr
c:\users\antc3\desktop\githubfiles\quake2-full-master\ctf\debug\g_main.sbr
c:\users\antc3\desktop\githubfiles\quake2-full-master\ctf\debug\g_items.sbr
c:\users\antc3\desktop\githubfiles\quake2-full-master\ctf\debug\g_items.obj
c:\users\antc3\desktop\githubfiles\quake2-full-master\ctf\debug\g_main.obj
c:\users\antc3\desktop\githubfiles\quake2-full-master\ctf\debug\g_misc.obj
c:\users\antc3\desktop\githubfiles\quake2-full-master\ctf\debug\g_monster.obj
c:\users\antc3\desktop\githubfiles\quake2-full-master\ctf\debug\g_phys.obj
c:\users\antc3\desktop\githubfiles\quake2-full-master\ctf\debug\g_save.obj
c:\users\antc3\desktop\githubfiles\quake2-full-master\ctf\debug\g_spawn.obj
c:\users\antc3\desktop\githubfiles\quake2-full-master\ctf\debug\g_svcmds.obj
c:\users\antc3\desktop\githubfiles\quake2-full-master\ctf\debug\g_target.obj
c:\users\antc3\desktop\githubfiles\quake2-full-master\ctf\debug\g_trigger.obj
c:\users\antc3\desktop\githubfiles\quake2-full-master\ctf\debug\g_utils.obj
c:\users\antc3\desktop\githubfiles\quake2-full-master\ctf\debug\g_weapon.obj
c:\users\antc3\desktop\githubfiles\quake2-full-master\ctf\debug\m_move.obj
c:\users\antc3\desktop\githubfiles\quake2-full-master\ctf\debug\p_client.obj
c:\users\antc3\desktop\githubfiles\quake2-full-master\ctf\debug\p_hud.obj
c:\users\antc3\desktop\githubfiles\quake2-full-master\ctf\debug\p_menu.obj
c:\users\antc3\desktop\githubfiles\quake2-full-master\ctf\debug\p_trail.obj
c:\users\antc3\desktop\githubfiles\quake2-full-master\ctf\debug\p_view.obj
c:\users\antc3\desktop\githubfiles\quake2-full-master\ctf\debug\p_weapon.obj
c:\users\antc3\desktop\githubfiles\quake2-full-master\ctf\debug\q_shared.obj
c:\users\antc3\desktop\githubfiles\quake2-full-master\ctf\debug\g_func.sbr
c:\users\antc3\desktop\githubfiles\quake2-full-master\ctf\debug\g_ctf.sbr
c:\users\antc3\desktop\githubfiles\quake2-full-master\ctf\debug\g_combat.sbr
c:\users\antc3\desktop\githubfiles\quake2-full-master\ctf\debug\g_cmds.sbr
c:\users\antc3\desktop\githubfiles\quake2-full-master\ctf\debug\g_chase.sbr
c:\users\antc3\desktop\githubfiles\quake2-full-master\ctf\debug\g_ai.sbr
c:\users\antc3\desktop\githubfiles\quake2-full-master\ctf\debug\g_ai.obj
c:\users\antc3\desktop\githubfiles\quake2-full-master\ctf\debug\g_chase.obj
c:\users\antc3\desktop\githubfiles\quake2-full-master\ctf\debug\g_cmds.obj
c:\users\antc3\desktop\githubfiles\quake2-full-master\ctf\debug\g_combat.obj
c:\users\antc3\desktop\githubfiles\quake2-full-master\ctf\debug\g_ctf.obj
c:\users\antc3\desktop\githubfiles\quake2-full-master\ctf\debug\g_func.obj
c:\users\antc3\desktop\githubfiles\quake2-full-master\ctf\debug\gamex86.lib
c:\users\antc3\desktop\githubfiles\quake2-full-master\ctf\debug\gamex86.exp
c:\users\antc3\desktop\githubfiles\quake2-full-master\ctf\debug\gamex86.dll
c:\users\antc3\desktop\githubfiles\quake2-full-master\ctf\debug\ctf.pdb
c:\users\antc3\desktop\githubfiles\quake2-full-master\ctf\debug\ctf.tlog\bscmake.command.1.tlog
c:\users\antc3\desktop\githubfiles\quake2-full-master\ctf\debug\ctf.tlog\bscmake.read.1.tlog
c:\users\antc3\desktop\githubfiles\quake2-full-master\ctf\debug\ctf.tlog\bscmake.write.1.tlog
c:\users\antc3\desktop\githubfiles\quake2-full-master\ctf\debug\ctf.tlog\cl.command.1.tlog
c:\users\antc3\desktop\githubfiles\quake2-full-master\ctf\debug\ctf.tlog\cl.read.1.tlog
c:\users\antc3\desktop\githubfiles\quake2-full-master\ctf\debug\ctf.tlog\cl.write.1.tlog
c:\users\antc3\desktop\githubfiles\quake2-full-master\ctf\debug\ctf.tlog\ctf.write.1u.tlog
c:\users\antc3\desktop\githubfiles\quake2-full-master\ctf\debug\ctf.tlog\link.command.1.tlog
c:\users\antc3\desktop\githubfiles\quake2-full-master\ctf\debug\ctf.tlog\link.read.1.tlog
c:\users\antc3\desktop\githubfiles\quake2-full-master\ctf\debug\ctf.tlog\link.write.1.tlog
