  Performing Custom Build Tools
  Microsoft (R) Macro Assembler Version 14.29.30133.0
  Copyright (C) Microsoft Corporation.  All rights reserved.
  
   Assembling: C:\Users\antc3\Desktop\GitHubFiles\quake2-full-master\ref_soft\r_aclipa.asm
  Performing Custom Build Tools
  Microsoft (R) Macro Assembler Version 14.29.30133.0
  Copyright (C) Microsoft Corporation.  All rights reserved.
  
   Assembling: C:\Users\antc3\Desktop\GitHubFiles\quake2-full-master\ref_soft\r_draw16.asm
  Performing Custom Build Tools
  Microsoft (R) Macro Assembler Version 14.29.30133.0
  Copyright (C) Microsoft Corporation.  All rights reserved.
  
   Assembling: C:\Users\antc3\Desktop\GitHubFiles\quake2-full-master\ref_soft\r_drawa.asm
  Performing Custom Build Tools
  Microsoft (R) Macro Assembler Version 14.29.30133.0
  Copyright (C) Microsoft Corporation.  All rights reserved.
  
   Assembling: C:\Users\antc3\Desktop\GitHubFiles\quake2-full-master\ref_soft\r_edgea.asm
  Performing Custom Build Tools
  Microsoft (R) Macro Assembler Version 14.29.30133.0
  Copyright (C) Microsoft Corporation.  All rights reserved.
  
   Assembling: C:\Users\antc3\Desktop\GitHubFiles\quake2-full-master\ref_soft\r_polysa.asm
  Performing Custom Build Tools
  Microsoft (R) Macro Assembler Version 14.29.30133.0
  Copyright (C) Microsoft Corporation.  All rights reserved.
  
   Assembling: C:\Users\antc3\Desktop\GitHubFiles\quake2-full-master\ref_soft\r_scana.asm
  Performing Custom Build Tools
  Microsoft (R) Macro Assembler Version 14.29.30133.0
  Copyright (C) Microsoft Corporation.  All rights reserved.
  
   Assembling: C:\Users\antc3\Desktop\GitHubFiles\quake2-full-master\ref_soft\r_spr8.asm
  Performing Custom Build Tools
  Microsoft (R) Macro Assembler Version 14.29.30133.0
  Copyright (C) Microsoft Corporation.  All rights reserved.
  
   Assembling: C:\Users\antc3\Desktop\GitHubFiles\quake2-full-master\ref_soft\r_surf8.asm
  Performing Custom Build Tools
  Microsoft (R) Macro Assembler Version 14.29.30133.0
  Copyright (C) Microsoft Corporation.  All rights reserved.
  
   Assembling: C:\Users\antc3\Desktop\GitHubFiles\quake2-full-master\ref_soft\r_varsa.asm
C:\Program Files (x86)\Microsoft Visual Studio\2019\Community\MSBuild\Microsoft\VC\v160\Microsoft.CppCommon.targets(241,5): warning MSB8065: Custom build for item "r_aclipa.asm" succeeded, but specified output "c:\users\antc3\desktop\githubfiles\quake2-full-master\debug\.obj" has not been created. This may cause incremental build to work incorrectly.
C:\Program Files (x86)\Microsoft Visual Studio\2019\Community\MSBuild\Microsoft\VC\v160\Microsoft.CppCommon.targets(241,5): warning MSB8065: Custom build for item "r_draw16.asm" succeeded, but specified output "c:\users\antc3\desktop\githubfiles\quake2-full-master\debug\.obj" has not been created. This may cause incremental build to work incorrectly.
C:\Program Files (x86)\Microsoft Visual Studio\2019\Community\MSBuild\Microsoft\VC\v160\Microsoft.CppCommon.targets(241,5): warning MSB8065: Custom build for item "r_drawa.asm" succeeded, but specified output "c:\users\antc3\desktop\githubfiles\quake2-full-master\debug\.obj" has not been created. This may cause incremental build to work incorrectly.
C:\Program Files (x86)\Microsoft Visual Studio\2019\Community\MSBuild\Microsoft\VC\v160\Microsoft.CppCommon.targets(241,5): warning MSB8065: Custom build for item "r_edgea.asm" succeeded, but specified output "c:\users\antc3\desktop\githubfiles\quake2-full-master\debug\.obj" has not been created. This may cause incremental build to work incorrectly.
C:\Program Files (x86)\Microsoft Visual Studio\2019\Community\MSBuild\Microsoft\VC\v160\Microsoft.CppCommon.targets(241,5): warning MSB8065: Custom build for item "r_polysa.asm" succeeded, but specified output "c:\users\antc3\desktop\githubfiles\quake2-full-master\debug\.obj" has not been created. This may cause incremental build to work incorrectly.
C:\Program Files (x86)\Microsoft Visual Studio\2019\Community\MSBuild\Microsoft\VC\v160\Microsoft.CppCommon.targets(241,5): warning MSB8065: Custom build for item "r_scana.asm" succeeded, but specified output "c:\users\antc3\desktop\githubfiles\quake2-full-master\debug\.obj" has not been created. This may cause incremental build to work incorrectly.
C:\Program Files (x86)\Microsoft Visual Studio\2019\Community\MSBuild\Microsoft\VC\v160\Microsoft.CppCommon.targets(241,5): warning MSB8065: Custom build for item "r_spr8.asm" succeeded, but specified output "c:\users\antc3\desktop\githubfiles\quake2-full-master\debug\.obj" has not been created. This may cause incremental build to work incorrectly.
C:\Program Files (x86)\Microsoft Visual Studio\2019\Community\MSBuild\Microsoft\VC\v160\Microsoft.CppCommon.targets(241,5): warning MSB8065: Custom build for item "r_surf8.asm" succeeded, but specified output "c:\users\antc3\desktop\githubfiles\quake2-full-master\debug\.obj" has not been created. This may cause incremental build to work incorrectly.
C:\Program Files (x86)\Microsoft Visual Studio\2019\Community\MSBuild\Microsoft\VC\v160\Microsoft.CppCommon.targets(241,5): warning MSB8065: Custom build for item "r_varsa.asm" succeeded, but specified output "c:\users\antc3\desktop\githubfiles\quake2-full-master\debug\.obj" has not been created. This may cause incremental build to work incorrectly.
cl : command line warning D9035: option 'Gm' has been deprecated and will be removed in a future release
  rw_imp.c
  rw_dib.c
  rw_ddraw.c
  r_surf.c
  r_sprite.c
  r_scan.c
  r_rast.c
  r_polyse.c
  r_poly.c
  r_part.c
  r_model.c
C:\Users\antc3\Desktop\GitHubFiles\quake2-full-master\ref_soft\r_model.c(131,2): warning C4996: 'strcpy': This function or variable may be unsafe. Consider using strcpy_s instead. To disable deprecation, use _CRT_SECURE_NO_WARNINGS. See online help for details.
  r_misc.c
C:\Users\antc3\Desktop\GitHubFiles\quake2-full-master\ref_soft\r_misc.c(601,6): warning C4996: 'fopen': This function or variable may be unsafe. Consider using fopen_s instead. To disable deprecation, use _CRT_SECURE_NO_WARNINGS. See online help for details.
C:\Users\antc3\Desktop\GitHubFiles\quake2-full-master\ref_soft\r_misc.c(635,2): warning C4996: 'strcpy': This function or variable may be unsafe. Consider using strcpy_s instead. To disable deprecation, use _CRT_SECURE_NO_WARNINGS. See online help for details.
C:\Users\antc3\Desktop\GitHubFiles\quake2-full-master\ref_soft\r_misc.c(642,7): warning C4996: 'fopen': This function or variable may be unsafe. Consider using fopen_s instead. To disable deprecation, use _CRT_SECURE_NO_WARNINGS. See online help for details.
  r_main.c
C:\Users\antc3\Desktop\GitHubFiles\quake2-full-master\ref_soft\r_main.c(1303,2): warning C4996: 'strncpy': This function or variable may be unsafe. Consider using strncpy_s instead. To disable deprecation, use _CRT_SECURE_NO_WARNINGS. See online help for details.
C:\Users\antc3\Desktop\GitHubFiles\quake2-full-master\ref_soft\r_main.c(1404,2): warning C4996: 'vsprintf': This function or variable may be unsafe. Consider using vsprintf_s instead. To disable deprecation, use _CRT_SECURE_NO_WARNINGS. See online help for details.
C:\Users\antc3\Desktop\GitHubFiles\quake2-full-master\ref_soft\r_main.c(1416,2): warning C4996: 'vsprintf': This function or variable may be unsafe. Consider using vsprintf_s instead. To disable deprecation, use _CRT_SECURE_NO_WARNINGS. See online help for details.
  r_light.c
  r_image.c
C:\Users\antc3\Desktop\GitHubFiles\quake2-full-master\ref_soft\r_image.c(422,2): warning C4996: 'strcpy': This function or variable may be unsafe. Consider using strcpy_s instead. To disable deprecation, use _CRT_SECURE_NO_WARNINGS. See online help for details.
C:\Users\antc3\Desktop\GitHubFiles\quake2-full-master\ref_soft\r_image.c(463,2): warning C4996: 'strcpy': This function or variable may be unsafe. Consider using strcpy_s instead. To disable deprecation, use _CRT_SECURE_NO_WARNINGS. See online help for details.
  r_edge.c
  r_draw.c
  r_bsp.c
  r_alias.c
  r_aclip.c
  Generating Code...
  Compiling...
  q_shwin.c
  q_shared.c
C:\Users\antc3\Desktop\GitHubFiles\quake2-full-master\game\q_shared.c(876,3): warning C4996: 'strncpy': This function or variable may be unsafe. Consider using strncpy_s instead. To disable deprecation, use _CRT_SECURE_NO_WARNINGS. See online help for details.
C:\Users\antc3\Desktop\GitHubFiles\quake2-full-master\game\q_shared.c(897,2): warning C4996: 'strncpy': This function or variable may be unsafe. Consider using strncpy_s instead. To disable deprecation, use _CRT_SECURE_NO_WARNINGS. See online help for details.
C:\Users\antc3\Desktop\GitHubFiles\quake2-full-master\game\q_shared.c(923,2): warning C4996: 'strcat': This function or variable may be unsafe. Consider using strcat_s instead. To disable deprecation, use _CRT_SECURE_NO_WARNINGS. See online help for details.
C:\Users\antc3\Desktop\GitHubFiles\quake2-full-master\game\q_shared.c(1056,2): warning C4996: 'vsprintf': This function or variable may be unsafe. Consider using vsprintf_s instead. To disable deprecation, use _CRT_SECURE_NO_WARNINGS. See online help for details.
C:\Users\antc3\Desktop\GitHubFiles\quake2-full-master\game\q_shared.c(1230,8): warning C4996: 'vsprintf': This function or variable may be unsafe. Consider using vsprintf_s instead. To disable deprecation, use _CRT_SECURE_NO_WARNINGS. See online help for details.
C:\Users\antc3\Desktop\GitHubFiles\quake2-full-master\game\q_shared.c(1234,2): warning C4996: 'strncpy': This function or variable may be unsafe. Consider using strncpy_s instead. To disable deprecation, use _CRT_SECURE_NO_WARNINGS. See online help for details.
C:\Users\antc3\Desktop\GitHubFiles\quake2-full-master\game\q_shared.c(1334,4): warning C4996: 'strcpy': This function or variable may be unsafe. Consider using strcpy_s instead. To disable deprecation, use _CRT_SECURE_NO_WARNINGS. See online help for details.
  Generating Code...
LINK : fatal error LNK1181: cannot open input file '.\..\debug\\.obj'
